<?xml version="1.0" encoding="UTF-8"?>
<!-- Generated by org.testng.reporters.JUnitXMLReporter -->
<testsuite ignored="1" hostname="DESKTOP-G1E98JS" failures="0" tests="1" name="chromeTest" time="5.157" errors="0" timestamp="2024-08-28T14:20:21 IST">
  <testcase classname="testscripts.HomePageTest" name="verify_Homepage_Title" time="3.535"/>
  <testcase classname="testscripts.HomePageTest" name="verify_Communitypoll_Selection" time="0.0">
    <ignored/>
  </testcase> <!-- verify_Communitypoll_Selection -->
</testsuite> <!-- chromeTest -->
