<?xml version="1.0" encoding="UTF-8"?>
<!-- Generated by org.testng.reporters.JUnitXMLReporter -->
<testsuite ignored="0" hostname="DESKTOP-G1E98JS" failures="0" tests="4" name="fireTest" time="38.212" errors="0" timestamp="2024-08-28T14:20:59 IST">
  <testcase classname="testscripts.LoginPageTest" name="verify_UserLoginwith_InvalidCredentials" time="3.135"/>
  <testcase classname="testscripts.LoginPageTest" name="verify_UserLoginwith_InvalidCredentials" time="5.23"/>
  <testcase classname="testscripts.LoginPageTest" name="verify_UserLoginwith_InvalidCredentials" time="4.73"/>
  <testcase classname="testscripts.LoginPageTest" name="verify_UserLoginwith_Validcredential" time="10.001"/>
</testsuite> <!-- fireTest -->
