<?xml version="1.0" encoding="UTF-8"?>
<!-- Generated by org.testng.reporters.JUnitXMLReporter -->
<testsuite ignored="1" hostname="DESKTOP-G1E98JS" failures="0" tests="1" name="HomepageTest" time="5.788" errors="0" timestamp="2024-08-28T14:27:11 IST">
  <testcase classname="testscripts.HomePageTest" name="verify_Homepage_Title" time="3.758"/>
  <testcase classname="testscripts.HomePageTest" name="verify_Communitypoll_Selection" time="0.0">
    <ignored/>
  </testcase> <!-- verify_Communitypoll_Selection -->
</testsuite> <!-- HomepageTest -->
