<?xml version="1.0" encoding="UTF-8"?>
<!-- Generated by org.testng.reporters.JUnitXMLReporter -->
<testsuite ignored="0" hostname="DESKTOP-G1E98JS" failures="0" tests="4" name="loginpageTest" time="28.281" errors="0" timestamp="2024-08-28T14:27:33 IST">
  <testcase classname="testscripts.LoginPageTest" name="verify_UserLoginwith_InvalidCredentials" time="3.137"/>
  <testcase classname="testscripts.LoginPageTest" name="verify_UserLoginwith_InvalidCredentials" time="3.18"/>
  <testcase classname="testscripts.LoginPageTest" name="verify_UserLoginwith_InvalidCredentials" time="3.901"/>
  <testcase classname="testscripts.LoginPageTest" name="verify_UserLoginwith_Validcredential" time="12.167"/>
</testsuite> <!-- loginpageTest -->
