<?xml version="1.0" encoding="UTF-8"?>
<!-- Generated by org.testng.reporters.JUnitXMLReporter -->
<testsuite ignored="1" hostname="DESKTOP-G1E98JS" failures="0" tests="1" name="Default test" time="4.574" errors="0" timestamp="2024-08-23T15:17:09 IST">
  <testcase classname="testscripts.HomePageTest" name="verify_Communitypoll_Selection" time="2.925"/>
  <testcase classname="testscripts.HomePageTest" name="verify_Homepage_Title" time="0.0">
    <ignored/>
  </testcase> <!-- verify_Homepage_Title -->
</testsuite> <!-- Default test -->
